# JRE version: OpenJDK Runtime Environment (11.0.7+10) (build 11.0.7+10)
# Java VM: OpenJDK Client VM (11.0.7+10, mixed mode, serial gc, windows-x86)
Heap:
 def new generation   total 16896K, used 16256K [0x04a00000, 0x05c50000, 0x09f50000)
  eden space 15040K, 100% used [0x04a00000, 0x058b0000, 0x058b0000)
  from space 1856K,  65% used [0x058b0000, 0x059e0168, 0x05a80000)
  to   space 1856K,   3% used [0x05a80000, 0x05a90968, 0x05c50000)
 tenured generation   total 37392K, used 22441K [0x09f50000, 0x0c3d4000, 0x14a00000)
   the space 37392K,  60% used [0x09f50000, 0x0b53a500, 0x0b53a600, 0x0c3d4000)
 Metaspace       used 42008K, capacity 43518K, committed 43776K, reserved 44416K
GC Heap History (20 events):
Event: 9124.289 GC heap after
{Heap after GC invocations=559 (full 49):
 def new generation   total 16640K, used 346K [0x04a00000, 0x05c00000, 0x09f50000)
  eden space 14848K,   0% used [0x04a00000, 0x04a00000, 0x05880000)
  from space 1792K,  19% used [0x05a40000, 0x05a969f0, 0x05c00000)
  to   space 1792K,   0% used [0x05880000, 0x05880000, 0x05a40000)
 tenured generation   total 36788K, used 21142K [0x09f50000, 0x0c33d000, 0x14a00000)
   the space 36788K,  57% used [0x09f50000, 0x0b3f5958, 0x0b3f5a00, 0x0c33d000)
 Metaspace       used 41806K, capacity 43284K, committed 43520K, reserved 44416K
}
Event: 9125.906 GC heap before
{Heap before GC invocations=559 (full 49):
 def new generation   total 16640K, used 15194K [0x04a00000, 0x05c00000, 0x09f50000)
  eden space 14848K, 100% used [0x04a00000, 0x05880000, 0x05880000)
  from space 1792K,  19% used [0x05a40000, 0x05a969f0, 0x05c00000)
  to   space 1792K,   0% used [0x05880000, 0x05880000, 0x05a40000)
 tenured generation   total 36788K, used 21142K [0x09f50000, 0x0c33d000, 0x14a00000)
   the space 36788K,  57% used [0x09f50000, 0x0b3f5958, 0x0b3f5a00, 0x0c33d000)
 Metaspace       used 41843K, capacity 43345K, committed 43648K, reserved 44416K
}
Event: 9125.942 GC heap after
{Heap after GC invocations=560 (full 49):
 def new generation   total 16640K, used 1687K [0x04a00000, 0x05c00000, 0x09f50000)
  eden space 14848K,   0% used [0x04a00000, 0x04a00000, 0x05880000)
  from space 1792K,  94% used [0x05880000, 0x05a25d60, 0x05a40000)
  to   space 1792K,   0% used [0x05a40000, 0x05a40000, 0x05c00000)
 tenured generation   total 36788K, used 21142K [0x09f50000, 0x0c33d000, 0x14a00000)
   the space 36788K,  57% used [0x09f50000, 0x0b3f5958, 0x0b3f5a00, 0x0c33d000)
 Metaspace       used 41843K, capacity 43345K, committed 43648K, reserved 44416K
}
Event: 9126.253 GC heap before
{Heap before GC invocations=560 (full 49):
 def new generation   total 16640K, used 16506K [0x04a00000, 0x05c00000, 0x09f50000)
  eden space 14848K,  99% used [0x04a00000, 0x05878d40, 0x05880000)
  from space 1792K,  94% used [0x05880000, 0x05a25d60, 0x05a40000)
  to   space 1792K,   0% used [0x05a40000, 0x05a40000, 0x05c00000)
 tenured generation   total 36788K, used 21142K [0x09f50000, 0x0c33d000, 0x14a00000)
   the space 36788K,  57% used [0x09f50000, 0x0b3f5958, 0x0b3f5a00, 0x0c33d000)
 Metaspace       used 41849K, capacity 43353K, committed 43648K, reserved 44416K
}
Event: 9126.287 GC heap after
{Heap after GC invocations=561 (full 49):
 def new generation   total 16640K, used 393K [0x04a00000, 0x05c00000, 0x09f50000)
  eden space 14848K,   0% used [0x04a00000, 0x04a00000, 0x05880000)
  from space 1792K,  21% used [0x05a40000, 0x05aa25f8, 0x05c00000)
  to   space 1792K,   0% used [0x05880000, 0x05880000, 0x05a40000)
 tenured generation   total 36788K, used 22809K [0x09f50000, 0x0c33d000, 0x14a00000)
   the space 36788K,  62% used [0x09f50000, 0x0b596470, 0x0b596600, 0x0c33d000)
 Metaspace       used 41849K, capacity 43353K, committed 43648K, reserved 44416K
}
Event: 9126.299 GC heap before
{Heap before GC invocations=561 (full 49):
 def new generation   total 16640K, used 15225K [0x04a00000, 0x05c00000, 0x09f50000)
  eden space 14848K,  99% used [0x04a00000, 0x0587bf58, 0x05880000)
  from space 1792K,  21% used [0x05a40000, 0x05aa25f8, 0x05c00000)
  to   space 1792K,   0% used [0x05880000, 0x05880000, 0x05a40000)
 tenured generation   total 36788K, used 22809K [0x09f50000, 0x0c33d000, 0x14a00000)
   the space 36788K,  62% used [0x09f50000, 0x0b596470, 0x0b596600, 0x0c33d000)
 Metaspace       used 41849K, capacity 43353K, committed 43648K, reserved 44416K
}
Event: 9126.304 GC heap after
{Heap after GC invocations=562 (full 49):
 def new generation   total 16640K, used 413K [0x04a00000, 0x05c00000, 0x09f50000)
  eden space 14848K,   0% used [0x04a00000, 0x04a00000, 0x05880000)
  from space 1792K,  23% used [0x05880000, 0x058e75c0, 0x05a40000)
  to   space 1792K,   0% used [0x05a40000, 0x05a40000, 0x05c00000)
 tenured generation   total 36788K, used 22809K [0x09f50000, 0x0c33d000, 0x14a00000)
   the space 36788K,  62% used [0x09f50000, 0x0b596470, 0x0b596600, 0x0c33d000)
 Metaspace       used 41849K, capacity 43353K, committed 43648K, reserved 44416K
}
Event: 9127.091 GC heap before
{Heap before GC invocations=562 (full 49):
 def new generation   total 16640K, used 15261K [0x04a00000, 0x05c00000, 0x09f50000)
  eden space 14848K, 100% used [0x04a00000, 0x05880000, 0x05880000)
  from space 1792K,  23% used [0x05880000, 0x058e75c0, 0x05a40000)
  to   space 1792K,   0% used [0x05a40000, 0x05a40000, 0x05c00000)
 tenured generation   total 36788K, used 22809K [0x09f50000, 0x0c33d000, 0x14a00000)
   the space 36788K,  62% used [0x09f50000, 0x0b596470, 0x0b596600, 0x0c33d000)
 Metaspace       used 41849K, capacity 43353K, committed 43648K, reserved 44416K
}
Event: 9127.098 GC heap after
{Heap after GC invocations=563 (full 49):
 def new generation   total 16640K, used 555K [0x04a00000, 0x05c00000, 0x09f50000)
  eden space 14848K,   0% used [0x04a00000, 0x04a00000, 0x05880000)
  from space 1792K,  30% used [0x05a40000, 0x05acad30, 0x05c00000)
  to   space 1792K,   0% used [0x05880000, 0x05880000, 0x05a40000)
 tenured generation   total 36788K, used 22809K [0x09f50000, 0x0c33d000, 0x14a00000)
   the space 36788K,  62% used [0x09f50000, 0x0b596470, 0x0b596600, 0x0c33d000)
 Metaspace       used 41849K, capacity 43353K, committed 43648K, reserved 44416K
}
Event: 9127.763 GC heap before
{Heap before GC invocations=563 (full 49):
 def new generation   total 16640K, used 15403K [0x04a00000, 0x05c00000, 0x09f50000)
  eden space 14848K, 100% used [0x04a00000, 0x05880000, 0x05880000)
  from space 1792K,  30% used [0x05a40000, 0x05acad30, 0x05c00000)
  to   space 1792K,   0% used [0x05880000, 0x05880000, 0x05a40000)
 tenured generation   total 36788K, used 22809K [0x09f50000, 0x0c33d000, 0x14a00000)
   the space 36788K,  62% used [0x09f50000, 0x0b596470, 0x0b596600, 0x0c33d000)
 Metaspace       used 41941K, capacity 43438K, committed 43648K, reserved 44416K
}
Event: 9127.801 GC heap after
{Heap after GC invocations=564 (full 49):
 def new generation   total 16640K, used 1792K [0x04a00000, 0x05c00000, 0x09f50000)
  eden space 14848K,   0% used [0x04a00000, 0x04a00000, 0x05880000)
  from space 1792K, 100% used [0x05880000, 0x05a40000, 0x05a40000)
  to   space 1792K,   0% used [0x05a40000, 0x05a40000, 0x05c00000)
 tenured generation   total 36788K, used 23380K [0x09f50000, 0x0c33d000, 0x14a00000)
   the space 36788K,  63% used [0x09f50000, 0x0b6250a8, 0x0b625200, 0x0c33d000)
 Metaspace       used 41941K, capacity 43438K, committed 43648K, reserved 44416K
}
Event: 9128.574 GC heap before
{Heap before GC invocations=564 (full 49):
 def new generation   total 16640K, used 16640K [0x04a00000, 0x05c00000, 0x09f50000)
  eden space 14848K, 100% used [0x04a00000, 0x05880000, 0x05880000)
  from space 1792K, 100% used [0x05880000, 0x05a40000, 0x05a40000)
  to   space 1792K,   0% used [0x05a40000, 0x05a40000, 0x05c00000)
 tenured generation   total 36788K, used 23380K [0x09f50000, 0x0c33d000, 0x14a00000)
   the space 36788K,  63% used [0x09f50000, 0x0b6250a8, 0x0b625200, 0x0c33d000)
 Metaspace       used 41980K, capacity 43482K, committed 43648K, reserved 44416K
}
Event: 9128.728 GC heap after
{Heap after GC invocations=565 (full 49):
 def new generation   total 16640K, used 1736K [0x04a00000, 0x05c00000, 0x09f50000)
  eden space 14848K,   0% used [0x04a00000, 0x04a00000, 0x05880000)
  from space 1792K,  96% used [0x05a40000, 0x05bf2300, 0x05c00000)
  to   space 1792K,   0% used [0x05880000, 0x05880000, 0x05a40000)
 tenured generation   total 36788K, used 25128K [0x09f50000, 0x0c33d000, 0x14a00000)
   the space 36788K,  68% used [0x09f50000, 0x0b7da3d0, 0x0b7da400, 0x0c33d000)
 Metaspace       used 41980K, capacity 43482K, committed 43648K, reserved 44416K
}
Event: 9327.243 GC heap before
{Heap before GC invocations=565 (full 49):
 def new generation   total 16640K, used 15046K [0x04a00000, 0x05c00000, 0x09f50000)
  eden space 14848K,  89% used [0x04a00000, 0x056ff698, 0x05880000)
  from space 1792K,  96% used [0x05a40000, 0x05bf2300, 0x05c00000)
  to   space 1792K,   0% used [0x05880000, 0x05880000, 0x05a40000)
 tenured generation   total 36788K, used 25128K [0x09f50000, 0x0c33d000, 0x14a00000)
   the space 36788K,  68% used [0x09f50000, 0x0b7da3d0, 0x0b7da400, 0x0c33d000)
 Metaspace       used 42018K, capacity 43520K, committed 43776K, reserved 44416K
}
Event: 9332.313 GC heap after
{Heap after GC invocations=566 (full 50):
 def new generation   total 16896K, used 0K [0x04a00000, 0x05c50000, 0x09f50000)
  eden space 15040K,   0% used [0x04a00000, 0x04a00000, 0x058b0000)
  from space 1856K,   0% used [0x058b0000, 0x058b0000, 0x05a80000)
  to   space 1856K,   0% used [0x05a80000, 0x05a80000, 0x05c50000)
 tenured generation   total 37392K, used 22433K [0x09f50000, 0x0c3d4000, 0x14a00000)
   the space 37392K,  59% used [0x09f50000, 0x0b538768, 0x0b538800, 0x0c3d4000)
 Metaspace       used 41976K, capacity 43465K, committed 43776K, reserved 44416K
}
Event: 9333.662 GC heap before
{Heap before GC invocations=566 (full 50):
 def new generation   total 16896K, used 15040K [0x04a00000, 0x05c50000, 0x09f50000)
  eden space 15040K, 100% used [0x04a00000, 0x058b0000, 0x058b0000)
  from space 1856K,   0% used [0x058b0000, 0x058b0000, 0x05a80000)
  to   space 1856K,   0% used [0x05a80000, 0x05a80000, 0x05c50000)
 tenured generation   total 37392K, used 22433K [0x09f50000, 0x0c3d4000, 0x14a00000)
   the space 37392K,  59% used [0x09f50000, 0x0b538768, 0x0b538800, 0x0c3d4000)
 Metaspace       used 41984K, capacity 43475K, committed 43776K, reserved 44416K
}
Event: 9333.678 GC heap after
{Heap after GC invocations=567 (full 50):
 def new generation   total 16896K, used 914K [0x04a00000, 0x05c50000, 0x09f50000)
  eden space 15040K,   0% used [0x04a00000, 0x04a00000, 0x058b0000)
  from space 1856K,  49% used [0x05a80000, 0x05b649c0, 0x05c50000)
  to   space 1856K,   0% used [0x058b0000, 0x058b0000, 0x05a80000)
 tenured generation   total 37392K, used 22433K [0x09f50000, 0x0c3d4000, 0x14a00000)
   the space 37392K,  59% used [0x09f50000, 0x0b538768, 0x0b538800, 0x0c3d4000)
 Metaspace       used 41984K, capacity 43475K, committed 43776K, reserved 44416K
}
Event: 9334.107 GC heap before
{Heap before GC invocations=567 (full 50):
 def new generation   total 16896K, used 15954K [0x04a00000, 0x05c50000, 0x09f50000)
  eden space 15040K, 100% used [0x04a00000, 0x058b0000, 0x058b0000)
  from space 1856K,  49% used [0x05a80000, 0x05b649c0, 0x05c50000)
  to   space 1856K,   0% used [0x058b0000, 0x058b0000, 0x05a80000)
 tenured generation   total 37392K, used 22433K [0x09f50000, 0x0c3d4000, 0x14a00000)
   the space 37392K,  59% used [0x09f50000, 0x0b538768, 0x0b538800, 0x0c3d4000)
 Metaspace       used 41984K, capacity 43475K, committed 43776K, reserved 44416K
}
Event: 9334.137 GC heap after
{Heap after GC invocations=568 (full 50):
 def new generation   total 16896K, used 1216K [0x04a00000, 0x05c50000, 0x09f50000)
  eden space 15040K,   0% used [0x04a00000, 0x04a00000, 0x058b0000)
  from space 1856K,  65% used [0x058b0000, 0x059e0168, 0x05a80000)
  to   space 1856K,   0% used [0x05a80000, 0x05a80000, 0x05c50000)
 tenured generation   total 37392K, used 22433K [0x09f50000, 0x0c3d4000, 0x14a00000)
   the space 37392K,  59% used [0x09f50000, 0x0b538768, 0x0b538800, 0x0c3d4000)
 Metaspace       used 41984K, capacity 43475K, committed 43776K, reserved 44416K
}
Event: 9334.911 GC heap before
{Heap before GC invocations=568 (full 50):
 def new generation   total 16896K, used 16256K [0x04a00000, 0x05c50000, 0x09f50000)
  eden space 15040K, 100% used [0x04a00000, 0x058b0000, 0x058b0000)
  from space 1856K,  65% used [0x058b0000, 0x059e0168, 0x05a80000)
  to   space 1856K,   0% used [0x05a80000, 0x05a80000, 0x05c50000)
 tenured generation   total 37392K, used 22433K [0x09f50000, 0x0c3d4000, 0x14a00000)
   the space 37392K,  59% used [0x09f50000, 0x0b538768, 0x0b538800, 0x0c3d4000)
 Metaspace       used 42008K, capacity 43518K, committed 43776K, reserved 44416K
}

